--- Copying files at Thu Jul  5 15:40:06 UTC 2018
INSTALLED init.groovy.d/security.groovy
INSTALLED init.groovy.d/tcp-slave-agent-port.groovy
INSTALLED hudson.tasks.Ant.xml
INSTALLED hudson.plugins.gradle.Gradle.xml
INSTALLED hudson.tasks.Maven.xml
INSTALLED plugins/ant.jpi : 1.8
INSTALLED plugins/github.jpi : 1.29.2
INSTALLED plugins/github-branch-source.jpi : 2.3.6
INSTALLED plugins/docker-commons.jpi : 1.13
INSTALLED plugins/scm-api.jpi : 2.2.7
INSTALLED plugins/authentication-tokens.jpi : 1.3
INSTALLED plugins/github-api.jpi : 1.92
INSTALLED plugins/workflow-aggregator.jpi : 2.5
INSTALLED plugins/momentjs.jpi : 1.1.1
INSTALLED plugins/ace-editor.jpi : 1.1
INSTALLED plugins/script-security.jpi : 1.44
INSTALLED plugins/branch-api.jpi : 2.0.20
INSTALLED plugins/ssh-credentials.jpi : 1.14
INSTALLED plugins/pipeline-github-lib.jpi : 1.0
INSTALLED plugins/jquery-detached.jpi : 1.2.1
INSTALLED plugins/windows-slaves.jpi : 1.3.1
INSTALLED plugins/workflow-cps.jpi : 2.45
INSTALLED plugins/jira.jpi : 3.0.0
INSTALLED plugins/ssh-slaves.jpi : 1.26
INSTALLED plugins/pipeline-stage-view.jpi : 2.10
INSTALLED plugins/antisamy-markup-formatter.jpi : 1.5
INSTALLED plugins/display-url-api.jpi : 2.2.0
INSTALLED plugins/git.jpi : 3.9.1
INSTALLED plugins/workflow-basic-steps.jpi : 2.8
INSTALLED plugins/structs.jpi : 1.14
INSTALLED plugins/workflow-api.jpi : 2.27
INSTALLED plugins/jsch.jpi : 0.1.54.2
INSTALLED plugins/ws-cleanup.jpi : 0.34
INSTALLED plugins/workflow-support.jpi : 2.18
INSTALLED plugins/workflow-cps-global-lib.jpi : 2.9
INSTALLED plugins/token-macro.jpi : 2.5
INSTALLED plugins/workflow-durable-task-step.jpi : 2.19
INSTALLED plugins/pipeline-input-step.jpi : 2.8
INSTALLED plugins/pam-auth.jpi : 1.3
INSTALLED plugins/apache-httpcomponents-client-4-api.jpi : 4.5.5-3.0
INSTALLED plugins/pipeline-model-extensions.jpi : 1.2.7
INSTALLED plugins/ldap.jpi : 1.20
INSTALLED plugins/durable-task.jpi : 1.22
INSTALLED plugins/workflow-job.jpi : 2.12.2
INSTALLED plugins/pipeline-model-definition.jpi : 1.2.7
INSTALLED plugins/cloudbees-folder.jpi : 6.5.1
INSTALLED plugins/pipeline-stage-tags-metadata.jpi : 1.2.7
INSTALLED plugins/build-timeout.jpi : 1.19
INSTALLED plugins/bouncycastle-api.jpi : 2.16.3
INSTALLED plugins/workflow-scm-step.jpi : 2.6
INSTALLED plugins/credentials-binding.jpi : 1.16
INSTALLED plugins/git-server.jpi : 1.7
INSTALLED plugins/pipeline-model-declarative-agent.jpi : 1.1.1
INSTALLED plugins/credentials.jpi : 2.1.17
INSTALLED plugins/timestamper.jpi : 1.8.10
INSTALLED plugins/docker-workflow.jpi : 1.17
INSTALLED plugins/pipeline-graph-analysis.jpi : 1.7
INSTALLED plugins/pipeline-stage-step.jpi : 2.3
INSTALLED plugins/workflow-multibranch.jpi : 2.16
INSTALLED plugins/pipeline-milestone-step.jpi : 1.3.1
INSTALLED plugins/workflow-step-api.jpi : 2.16
INSTALLED plugins/resource-disposer.jpi : 0.11
INSTALLED plugins/plain-credentials.jpi : 1.4
INSTALLED plugins/gradle.jpi : 1.29
INSTALLED plugins/jackson2-api.jpi : 2.8.11.3
INSTALLED plugins/pipeline-rest-api.jpi : 2.10
INSTALLED plugins/subversion.jpi : 2.11.0
INSTALLED plugins/mapdb-api.jpi : 1.0.9.0
INSTALLED plugins/matrix-project.jpi : 1.13
INSTALLED plugins/mailer.jpi : 1.21
INSTALLED plugins/pipeline-build-step.jpi : 2.7
INSTALLED plugins/junit.jpi : 1.24
INSTALLED plugins/git-client.jpi : 2.7.2
INSTALLED plugins/matrix-auth.jpi : 2.2
INSTALLED plugins/pipeline-model-api.jpi : 1.2.7
INSTALLED plugins/email-ext.jpi : 2.62
INSTALLED plugins/handlebars.jpi : 1.1.1
INSTALLED plugins.txt
